<?xml version="1.0" encoding="UTF-8"?>
<testsuite xmlns:xsi="http://www.w3.org/2001/XMLSchema-instance" xsi:noNamespaceSchemaLocation="https://maven.apache.org/surefire/maven-surefire-plugin/xsd/surefire-test-report-3.0.xsd" version="3.0" name="TestSuite" time="12.552" tests="5" errors="0" skipped="0" failures="0">
  <properties>
[...]
</properties>
  <testcase name="tc1" classname="org.testing.TestScripts.PostRequestTC1" time="3.295"/>
  <testcase name="tc2" classname="org.testing.TestScripts.GetRequestTC2" time="0.095"/>
  <testcase name="tc3" classname="org.testing.TestScripts.GetRequestWithQueryParameter" time="0.124"/>
  <testcase name="tc4" classname="org.testing.TestScripts.PutRequest_TC4" time="0.077"/>
  <testcase name="tc5" classname="org.testing.TestScripts.Delete_TC5" time="0.041"/>
</testsuite>