<?xml version="1.0" encoding="UTF-8"?>
<!-- Generated by org.testng.reporters.JUnitXMLReporter -->
<testsuite hostname="DESKTOP-16U3LJS" ignored="0" name="Test" tests="5" failures="0" timestamp="2020-08-23T14:25:42 IST" time="3.731" errors="0">
  <testcase name="tc1" time="3.293" classname="org.testing.TestScripts.PostRequestTC1"/>
  <testcase name="tc2" time="0.067" classname="org.testing.TestScripts.GetRequestTC2"/>
  <testcase name="tc3" time="0.118" classname="org.testing.TestScripts.GetRequestWithQueryParameter"/>
  <testcase name="tc4" time="0.099" classname="org.testing.TestScripts.PutRequest_TC4"/>
  <testcase name="tc5" time="0.046" classname="org.testing.TestScripts.Delete_TC5"/>
</testsuite> <!-- Test -->
