<?xml version="1.0" encoding="UTF-8"?>
<!-- Generated by org.testng.reporters.JUnitXMLReporter -->
<testsuite hostname="DESKTOP-16U3LJS" name="Test" tests="5" failures="0" timestamp="23 Aug 2020 08:53:14 GMT" time="5.466" errors="0">
  <testcase name="" time="4.982" classname="org.testing.TestScripts.PostRequestTC1"/>
  <testcase name="" time="0.097" classname="org.testing.TestScripts.GetRequestTC2"/>
  <testcase name="" time="0.096" classname="org.testing.TestScripts.GetRequestWithQueryParameter"/>
  <testcase name="" time="0.19" classname="org.testing.TestScripts.PutRequest_TC4"/>
  <testcase name="" time="0.053" classname="org.testing.TestScripts.Delete_TC5"/>
</testsuite> <!-- Test -->
